<?xml version="1.0" encoding="UTF-8"?>
<robot generator="Robot 7.1.1 (Python 3.8.0 on win32)" generated="2025-03-04T21:26:48.306294" rpa="false" schemaversion="5">
<suite id="s1" name="Operating System" source="c:\Users\letic\Documents\Robot Udemy\robot avançado\advanced\advanced-robot\operating_system.robot">
<test id="s1-t1" name="Exemplo 04: Excluindo arquivos" line="17">
<kw name="Listando arquivos do meu diretório">
<kw name="List Directory" owner="OperatingSystem">
<msg time="2025-03-04T21:26:48.345331" level="INFO" html="true">Listing contents of directory '&lt;a href="file://C:\Users\letic\Documents\Robot Udemy\robot avançado\advanced\advanced-robot\my_files"&gt;C:\Users\letic\Documents\Robot Udemy\robot avançado\advanced\advanced-robot\my_files&lt;/a&gt;'.</msg>
<msg time="2025-03-04T21:26:48.346791" level="INFO">5 items:
arquivo_JSON.json
arquivo_JSON_COPIA.json
arquivo_PDF.pdf
arquivo_TEXTO.txt
arquivo_TEXTO_COPIA.txt</msg>
<arg>./my_files</arg>
<doc>Returns and logs items in a directory, optionally filtered with ``pattern``.</doc>
<status status="PASS" start="2025-03-04T21:26:48.344335" elapsed="0.003471"/>
</kw>
<status status="PASS" start="2025-03-04T21:26:48.344335" elapsed="0.003471"/>
</kw>
<kw name="Excluir arquivo">
<kw name="Remove File" owner="OperatingSystem">
<msg time="2025-03-04T21:26:48.348849" level="INFO" html="true">Removed file '&lt;a href="file://C:\Users\letic\Documents\Robot Udemy\robot avançado\advanced\advanced-robot\my_files\arquivo_TEXTO_COPIA.txt"&gt;C:\Users\letic\Documents\Robot Udemy\robot avançado\advanced\advanced-robot\my_files\arquivo_TEXTO_COPIA.txt&lt;/a&gt;'.</msg>
<arg>./my_files/${ARQUIVO}</arg>
<doc>Removes a file with the given path.</doc>
<status status="PASS" start="2025-03-04T21:26:48.348849" elapsed="0.001070"/>
</kw>
<arg>arquivo_TEXTO_COPIA.txt</arg>
<status status="PASS" start="2025-03-04T21:26:48.347806" elapsed="0.002113"/>
</kw>
<kw name="Excluir arquivo">
<kw name="Remove File" owner="OperatingSystem">
<msg time="2025-03-04T21:26:48.353111" level="INFO" html="true">Removed file '&lt;a href="file://C:\Users\letic\Documents\Robot Udemy\robot avançado\advanced\advanced-robot\my_files\arquivo_JSON_COPIA.json"&gt;C:\Users\letic\Documents\Robot Udemy\robot avançado\advanced\advanced-robot\my_files\arquivo_JSON_COPIA.json&lt;/a&gt;'.</msg>
<arg>./my_files/${ARQUIVO}</arg>
<doc>Removes a file with the given path.</doc>
<status status="PASS" start="2025-03-04T21:26:48.351118" elapsed="0.002989"/>
</kw>
<arg>arquivo_JSON_COPIA.json</arg>
<status status="PASS" start="2025-03-04T21:26:48.349919" elapsed="0.004188"/>
</kw>
<kw name="Listando arquivos do meu diretório">
<kw name="List Directory" owner="OperatingSystem">
<msg time="2025-03-04T21:26:48.356165" level="INFO" html="true">Listing contents of directory '&lt;a href="file://C:\Users\letic\Documents\Robot Udemy\robot avançado\advanced\advanced-robot\my_files"&gt;C:\Users\letic\Documents\Robot Udemy\robot avançado\advanced\advanced-robot\my_files&lt;/a&gt;'.</msg>
<msg time="2025-03-04T21:26:48.356165" level="INFO">3 items:
arquivo_JSON.json
arquivo_PDF.pdf
arquivo_TEXTO.txt</msg>
<arg>./my_files</arg>
<doc>Returns and logs items in a directory, optionally filtered with ``pattern``.</doc>
<status status="PASS" start="2025-03-04T21:26:48.355105" elapsed="0.002058"/>
</kw>
<status status="PASS" start="2025-03-04T21:26:48.355105" elapsed="0.002058"/>
</kw>
<status status="PASS" start="2025-03-04T21:26:48.342283" elapsed="0.014880"/>
</test>
<doc>http://robotframework.org/robotframework/latest/libraries/OperatingSystem.html</doc>
<status status="PASS" start="2025-03-04T21:26:48.311453" elapsed="0.046707"/>
</suite>
<statistics>
<total>
<stat pass="1" fail="0" skip="0">All Tests</stat>
</total>
<tag>
</tag>
<suite>
<stat pass="1" fail="0" skip="0" id="s1" name="Operating System">Operating System</stat>
</suite>
</statistics>
<errors>
</errors>
</robot>
