<?xml version="1.0" encoding="UTF-8"?>
<robot generator="Robot 7.1.1 (Python 3.8.0 on win32)" generated="2025-03-06T19:51:27.257725" rpa="false" schemaversion="5">
<suite id="s1" name="Advanced-Robot" source="C:\Users\letic\Documents\Robot Udemy\robot avançado\advanced\advanced-robot">
<suite id="s1-s1" name="myLibrary" source="C:\Users\letic\Documents\Robot Udemy\robot avançado\advanced\advanced-robot\myLibrary.robot">
<test id="s1-s1-t1" name="Teste de conversão de arquivo para HASH sha256" line="8">
<kw name="Converter o arquivo &quot;arquivo_PDF.pdf&quot; para sha256" source_name="Converter o arquivo &quot;${FILE}&quot; para sha256">
<kw name="Gerar Hash Arquivo" owner="geradorHash">
<msg time="2025-03-06T19:51:27.289769" level="INFO">Arquivo: ./arquivo_PDF.pdf
Hash gerado: d9021489da6cd18be2f0954475524f1c2d37628e127a1e23ee9941e133dcbc7f</msg>
<msg time="2025-03-06T19:51:27.289769" level="INFO">${CONTEUDO_HASH} = d9021489da6cd18be2f0954475524f1c2d37628e127a1e23ee9941e133dcbc7f</msg>
<var>${CONTEUDO_HASH}</var>
<arg>./${FILE}</arg>
<status status="PASS" start="2025-03-06T19:51:27.289769" elapsed="0.000000"/>
</kw>
<kw name="Log" owner="BuiltIn">
<msg time="2025-03-06T19:51:27.291237" level="INFO">d9021489da6cd18be2f0954475524f1c2d37628e127a1e23ee9941e133dcbc7f</msg>
<arg>${CONTEUDO_HASH}</arg>
<doc>Logs the given message with the given level.</doc>
<status status="PASS" start="2025-03-06T19:51:27.289769" elapsed="0.001468"/>
</kw>
<status status="PASS" start="2025-03-06T19:51:27.288698" elapsed="0.002539"/>
</kw>
<status status="PASS" start="2025-03-06T19:51:27.287509" elapsed="0.004887"/>
</test>
<status status="PASS" start="2025-03-06T19:51:27.272714" elapsed="0.019682"/>
</suite>
<status status="PASS" start="2025-03-06T19:51:27.257725" elapsed="0.038559"/>
</suite>
<statistics>
<total>
<stat pass="1" fail="0" skip="0">All Tests</stat>
</total>
<tag>
</tag>
<suite>
<stat pass="1" fail="0" skip="0" id="s1" name="Advanced-Robot">Advanced-Robot</stat>
<stat pass="1" fail="0" skip="0" id="s1-s1" name="myLibrary">Advanced-Robot.myLibrary</stat>
</suite>
</statistics>
<errors>
</errors>
</robot>
