<?xml version="1.0" encoding="UTF-8"?>
<robot generator="Robot 7.1.1 (Python 3.8.0 on win32)" generated="2025-03-04T21:26:49.086241" rpa="false" schemaversion="5">
<suite id="s1" name="Advanced-Robot" source="C:\Users\letic\Documents\Robot Udemy\robot avançado\advanced\advanced-robot">
<suite id="s1-s1" name="Operating System" source="C:\Users\letic\Documents\Robot Udemy\robot avançado\advanced\advanced-robot\operating_system.robot">
<test id="s1-s1-t1" name="Exemplo 04: Excluindo arquivos" line="17">
<kw name="Listando arquivos do meu diretório">
<kw name="List Directory" owner="OperatingSystem">
<msg time="2025-03-04T21:26:49.118524" level="INFO" html="true">Listing contents of directory '&lt;a href="file://C:\Users\letic\Documents\Robot Udemy\robot avançado\advanced\advanced-robot\my_files"&gt;C:\Users\letic\Documents\Robot Udemy\robot avançado\advanced\advanced-robot\my_files&lt;/a&gt;'.</msg>
<msg time="2025-03-04T21:26:49.119619" level="INFO">3 items:
arquivo_JSON.json
arquivo_PDF.pdf
arquivo_TEXTO.txt</msg>
<arg>./my_files</arg>
<doc>Returns and logs items in a directory, optionally filtered with ``pattern``.</doc>
<status status="PASS" start="2025-03-04T21:26:49.118524" elapsed="0.001095"/>
</kw>
<status status="PASS" start="2025-03-04T21:26:49.117411" elapsed="0.003215"/>
</kw>
<kw name="Excluir arquivo">
<kw name="Remove File" owner="OperatingSystem">
<msg time="2025-03-04T21:26:49.122002" level="INFO" html="true">File '&lt;a href="file://C:\Users\letic\Documents\Robot Udemy\robot avançado\advanced\advanced-robot\my_files\arquivo_TEXTO_COPIA.txt"&gt;C:\Users\letic\Documents\Robot Udemy\robot avançado\advanced\advanced-robot\my_files\arquivo_TEXTO_COPIA.txt&lt;/a&gt;' does not exist.</msg>
<arg>./my_files/${ARQUIVO}</arg>
<doc>Removes a file with the given path.</doc>
<status status="PASS" start="2025-03-04T21:26:49.120626" elapsed="0.001376"/>
</kw>
<arg>arquivo_TEXTO_COPIA.txt</arg>
<status status="PASS" start="2025-03-04T21:26:49.120626" elapsed="0.001376"/>
</kw>
<kw name="Excluir arquivo">
<kw name="Remove File" owner="OperatingSystem">
<msg time="2025-03-04T21:26:49.123006" level="INFO" html="true">File '&lt;a href="file://C:\Users\letic\Documents\Robot Udemy\robot avançado\advanced\advanced-robot\my_files\arquivo_JSON_COPIA.json"&gt;C:\Users\letic\Documents\Robot Udemy\robot avançado\advanced\advanced-robot\my_files\arquivo_JSON_COPIA.json&lt;/a&gt;' does not exist.</msg>
<arg>./my_files/${ARQUIVO}</arg>
<doc>Removes a file with the given path.</doc>
<status status="PASS" start="2025-03-04T21:26:49.123006" elapsed="0.000000"/>
</kw>
<arg>arquivo_JSON_COPIA.json</arg>
<status status="PASS" start="2025-03-04T21:26:49.122002" elapsed="0.001004"/>
</kw>
<kw name="Listando arquivos do meu diretório">
<kw name="List Directory" owner="OperatingSystem">
<msg time="2025-03-04T21:26:49.124171" level="INFO" html="true">Listing contents of directory '&lt;a href="file://C:\Users\letic\Documents\Robot Udemy\robot avançado\advanced\advanced-robot\my_files"&gt;C:\Users\letic\Documents\Robot Udemy\robot avançado\advanced\advanced-robot\my_files&lt;/a&gt;'.</msg>
<msg time="2025-03-04T21:26:49.125566" level="INFO">3 items:
arquivo_JSON.json
arquivo_PDF.pdf
arquivo_TEXTO.txt</msg>
<arg>./my_files</arg>
<doc>Returns and logs items in a directory, optionally filtered with ``pattern``.</doc>
<status status="PASS" start="2025-03-04T21:26:49.124171" elapsed="0.001395"/>
</kw>
<status status="PASS" start="2025-03-04T21:26:49.124171" elapsed="0.001395"/>
</kw>
<status status="PASS" start="2025-03-04T21:26:49.115275" elapsed="0.011384"/>
</test>
<doc>http://robotframework.org/robotframework/latest/libraries/OperatingSystem.html</doc>
<status status="PASS" start="2025-03-04T21:26:49.106338" elapsed="0.021318"/>
</suite>
<status status="PASS" start="2025-03-04T21:26:49.089677" elapsed="0.039354"/>
</suite>
<statistics>
<total>
<stat pass="1" fail="0" skip="0">All Tests</stat>
</total>
<tag>
</tag>
<suite>
<stat pass="1" fail="0" skip="0" id="s1" name="Advanced-Robot">Advanced-Robot</stat>
<stat pass="1" fail="0" skip="0" id="s1-s1" name="Operating System">Advanced-Robot.Operating System</stat>
</suite>
</statistics>
<errors>
</errors>
</robot>
